<?xml version="1.0" encoding="UTF-8"?>
<!-- Generated by org.testng.reporters.JUnitReportReporter -->
<testsuite ignored="0" hostname="SK-CL-SIS-019" failures="0" tests="1" name="pruebaSelenium.NewTest" time="4.038" errors="0" timestamp="01 oct. 2023 00:42:06 GMT" skipped="0">
  <testcase classname="pruebaSelenium.NewTest" name="f" time="4.038"/>
</testsuite> <!-- pruebaSelenium.NewTest -->
